The system is: Linux - 6.5.0-26-generic - x86_64
Compiling the C compiler identification source file "CMakeCCompilerId.c" succeeded.
Compiler: /usr/bin/cc 
Build flags: 
Id flags:  

The output was:
0


Compilation of the C compiler identification source "CMakeCCompilerId.c" produced "a.out"

The C compiler identification is GNU, found in "/home/micsipc/github/mercure-motionCorr_dicom/build/openjpeg-build/CMakeFiles/3.22.1/CompilerIdC/a.out"

Detecting C compiler ABI info compiled with the following output:
Change Dir: /home/micsipc/github/mercure-motionCorr_dicom/build/openjpeg-build/CMakeFiles/CMakeTmp

Run Build Command(s):/usr/bin/gmake -f Makefile cmTC_48541/fast && gmake[3]: Entering directory '/home/micsipc/github/mercure-motionCorr_dicom/build/openjpeg-build/CMakeFiles/CMakeTmp'
/usr/bin/gmake  -f CMakeFiles/cmTC_48541.dir/build.make CMakeFiles/cmTC_48541.dir/build
gmake[4]: Entering directory '/home/micsipc/github/mercure-motionCorr_dicom/build/openjpeg-build/CMakeFiles/CMakeTmp'
Building C object CMakeFiles/cmTC_48541.dir/CMakeCCompilerABI.c.o
/usr/bin/cc   -v -o CMakeFiles/cmTC_48541.dir/CMakeCCompilerABI.c.o -c /usr/share/cmake-3.22/Modules/CMakeCCompilerABI.c
Using built-in specs.
COLLECT_GCC=/usr/bin/cc
OFFLOAD_TARGET_NAMES=nvptx-none:amdgcn-amdhsa
OFFLOAD_TARGET_DEFAULT=1
Target: x86_64-linux-gnu
Configured with: ../src/configure -v --with-pkgversion='Ubuntu 11.4.0-1ubuntu1~22.04' --with-bugurl=file:///usr/share/doc/gcc-11/README.Bugs --enable-languages=c,ada,c++,go,brig,d,fortran,objc,obj-c++,m2 --prefix=/usr --with-gcc-major-version-only --program-suffix=-11 --program-prefix=x86_64-linux-gnu- --enable-shared --enable-linker-build-id --libexecdir=/usr/lib --without-included-gettext --enable-threads=posix --libdir=/usr/lib --enable-nls --enable-bootstrap --enable-clocale=gnu --enable-libstdcxx-debug --enable-libstdcxx-time=yes --with-default-libstdcxx-abi=new --enable-gnu-unique-object --disable-vtable-verify --enable-plugin --enable-default-pie --with-system-zlib --enable-libphobos-checking=release --with-target-system-zlib=auto --enable-objc-gc=auto --enable-multiarch --disable-werror --enable-cet --with-arch-32=i686 --with-abi=m64 --with-multilib-list=m32,m64,mx32 --enable-multilib --with-tune=generic --enable-offload-targets=nvptx-none=/build/gcc-11-XeT9lY/gcc-11-11.4.0/debian/tmp-nvptx/usr,amdgcn-amdhsa=/build/gcc-11-XeT9lY/gcc-11-11.4.0/debian/tmp-gcn/usr --without-cuda-driver --enable-checking=release --build=x86_64-linux-gnu --host=x86_64-linux-gnu --target=x86_64-linux-gnu --with-build-config=bootstrap-lto-lean --enable-link-serialization=2
Thread model: posix
Supported LTO compression algorithms: zlib zstd
gcc version 11.4.0 (Ubuntu 11.4.0-1ubuntu1~22.04) 
COLLECT_GCC_OPTIONS='-v' '-o' 'CMakeFiles/cmTC_48541.dir/CMakeCCompilerABI.c.o' '-c' '-mtune=generic' '-march=x86-64' '-dumpdir' 'CMakeFiles/cmTC_48541.dir/'
 /usr/lib/gcc/x86_64-linux-gnu/11/cc1 -quiet -v -imultiarch x86_64-linux-gnu /usr/share/cmake-3.22/Modules/CMakeCCompilerABI.c -quiet -dumpdir CMakeFiles/cmTC_48541.dir/ -dumpbase CMakeCCompilerABI.c.c -dumpbase-ext .c -mtune=generic -march=x86-64 -version -fasynchronous-unwind-tables -fstack-protector-strong -Wformat -Wformat-security -fstack-clash-protection -fcf-protection -o /tmp/ccFj8UB7.s
GNU C17 (Ubuntu 11.4.0-1ubuntu1~22.04) version 11.4.0 (x86_64-linux-gnu)
	compiled by GNU C version 11.4.0, GMP version 6.2.1, MPFR version 4.1.0, MPC version 1.2.1, isl version isl-0.24-GMP

GGC heuristics: --param ggc-min-expand=100 --param ggc-min-heapsize=131072
ignoring nonexistent directory "/usr/local/include/x86_64-linux-gnu"
ignoring nonexistent directory "/usr/lib/gcc/x86_64-linux-gnu/11/include-fixed"
ignoring nonexistent directory "/usr/lib/gcc/x86_64-linux-gnu/11/../../../../x86_64-linux-gnu/include"
#include "..." search starts here:
#include <...> search starts here:
 /usr/lib/gcc/x86_64-linux-gnu/11/include
 /usr/local/include
 /usr/include/x86_64-linux-gnu
 /usr/include
End of search list.
GNU C17 (Ubuntu 11.4.0-1ubuntu1~22.04) version 11.4.0 (x86_64-linux-gnu)
	compiled by GNU C version 11.4.0, GMP version 6.2.1, MPFR version 4.1.0, MPC version 1.2.1, isl version isl-0.24-GMP

GGC heuristics: --param ggc-min-expand=100 --param ggc-min-heapsize=131072
Compiler executable checksum: 50eaa2331df977b8016186198deb2d18
COLLECT_GCC_OPTIONS='-v' '-o' 'CMakeFiles/cmTC_48541.dir/CMakeCCompilerABI.c.o' '-c' '-mtune=generic' '-march=x86-64' '-dumpdir' 'CMakeFiles/cmTC_48541.dir/'
 as -v --64 -o CMakeFiles/cmTC_48541.dir/CMakeCCompilerABI.c.o /tmp/ccFj8UB7.s
GNU assembler version 2.38 (x86_64-linux-gnu) using BFD version (GNU Binutils for Ubuntu) 2.38
COMPILER_PATH=/usr/lib/gcc/x86_64-linux-gnu/11/:/usr/lib/gcc/x86_64-linux-gnu/11/:/usr/lib/gcc/x86_64-linux-gnu/:/usr/lib/gcc/x86_64-linux-gnu/11/:/usr/lib/gcc/x86_64-linux-gnu/
LIBRARY_PATH=/usr/lib/gcc/x86_64-linux-gnu/11/:/usr/lib/gcc/x86_64-linux-gnu/11/../../../x86_64-linux-gnu/:/usr/lib/gcc/x86_64-linux-gnu/11/../../../../lib/:/lib/x86_64-linux-gnu/:/lib/../lib/:/usr/lib/x86_64-linux-gnu/:/usr/lib/../lib/:/usr/lib/gcc/x86_64-linux-gnu/11/../../../:/lib/:/usr/lib/
COLLECT_GCC_OPTIONS='-v' '-o' 'CMakeFiles/cmTC_48541.dir/CMakeCCompilerABI.c.o' '-c' '-mtune=generic' '-march=x86-64' '-dumpdir' 'CMakeFiles/cmTC_48541.dir/CMakeCCompilerABI.c.'
Linking C executable cmTC_48541
/usr/bin/cmake -E cmake_link_script CMakeFiles/cmTC_48541.dir/link.txt --verbose=1
/usr/bin/cc  -v -rdynamic CMakeFiles/cmTC_48541.dir/CMakeCCompilerABI.c.o -o cmTC_48541 
Using built-in specs.
COLLECT_GCC=/usr/bin/cc
COLLECT_LTO_WRAPPER=/usr/lib/gcc/x86_64-linux-gnu/11/lto-wrapper
OFFLOAD_TARGET_NAMES=nvptx-none:amdgcn-amdhsa
OFFLOAD_TARGET_DEFAULT=1
Target: x86_64-linux-gnu
Configured with: ../src/configure -v --with-pkgversion='Ubuntu 11.4.0-1ubuntu1~22.04' --with-bugurl=file:///usr/share/doc/gcc-11/README.Bugs --enable-languages=c,ada,c++,go,brig,d,fortran,objc,obj-c++,m2 --prefix=/usr --with-gcc-major-version-only --program-suffix=-11 --program-prefix=x86_64-linux-gnu- --enable-shared --enable-linker-build-id --libexecdir=/usr/lib --without-included-gettext --enable-threads=posix --libdir=/usr/lib --enable-nls --enable-bootstrap --enable-clocale=gnu --enable-libstdcxx-debug --enable-libstdcxx-time=yes --with-default-libstdcxx-abi=new --enable-gnu-unique-object --disable-vtable-verify --enable-plugin --enable-default-pie --with-system-zlib --enable-libphobos-checking=release --with-target-system-zlib=auto --enable-objc-gc=auto --enable-multiarch --disable-werror --enable-cet --with-arch-32=i686 --with-abi=m64 --with-multilib-list=m32,m64,mx32 --enable-multilib --with-tune=generic --enable-offload-targets=nvptx-none=/build/gcc-11-XeT9lY/gcc-11-11.4.0/debian/tmp-nvptx/usr,amdgcn-amdhsa=/build/gcc-11-XeT9lY/gcc-11-11.4.0/debian/tmp-gcn/usr --without-cuda-driver --enable-checking=release --build=x86_64-linux-gnu --host=x86_64-linux-gnu --target=x86_64-linux-gnu --with-build-config=bootstrap-lto-lean --enable-link-serialization=2
Thread model: posix
Supported LTO compression algorithms: zlib zstd
gcc version 11.4.0 (Ubuntu 11.4.0-1ubuntu1~22.04) 
COMPILER_PATH=/usr/lib/gcc/x86_64-linux-gnu/11/:/usr/lib/gcc/x86_64-linux-gnu/11/:/usr/lib/gcc/x86_64-linux-gnu/:/usr/lib/gcc/x86_64-linux-gnu/11/:/usr/lib/gcc/x86_64-linux-gnu/
LIBRARY_PATH=/usr/lib/gcc/x86_64-linux-gnu/11/:/usr/lib/gcc/x86_64-linux-gnu/11/../../../x86_64-linux-gnu/:/usr/lib/gcc/x86_64-linux-gnu/11/../../../../lib/:/lib/x86_64-linux-gnu/:/lib/../lib/:/usr/lib/x86_64-linux-gnu/:/usr/lib/../lib/:/usr/lib/gcc/x86_64-linux-gnu/11/../../../:/lib/:/usr/lib/
COLLECT_GCC_OPTIONS='-v' '-rdynamic' '-o' 'cmTC_48541' '-mtune=generic' '-march=x86-64' '-dumpdir' 'cmTC_48541.'
 /usr/lib/gcc/x86_64-linux-gnu/11/collect2 -plugin /usr/lib/gcc/x86_64-linux-gnu/11/liblto_plugin.so -plugin-opt=/usr/lib/gcc/x86_64-linux-gnu/11/lto-wrapper -plugin-opt=-fresolution=/tmp/ccd84c8O.res -plugin-opt=-pass-through=-lgcc -plugin-opt=-pass-through=-lgcc_s -plugin-opt=-pass-through=-lc -plugin-opt=-pass-through=-lgcc -plugin-opt=-pass-through=-lgcc_s --build-id --eh-frame-hdr -m elf_x86_64 --hash-style=gnu --as-needed -export-dynamic -dynamic-linker /lib64/ld-linux-x86-64.so.2 -pie -z now -z relro -o cmTC_48541 /usr/lib/gcc/x86_64-linux-gnu/11/../../../x86_64-linux-gnu/Scrt1.o /usr/lib/gcc/x86_64-linux-gnu/11/../../../x86_64-linux-gnu/crti.o /usr/lib/gcc/x86_64-linux-gnu/11/crtbeginS.o -L/usr/lib/gcc/x86_64-linux-gnu/11 -L/usr/lib/gcc/x86_64-linux-gnu/11/../../../x86_64-linux-gnu -L/usr/lib/gcc/x86_64-linux-gnu/11/../../../../lib -L/lib/x86_64-linux-gnu -L/lib/../lib -L/usr/lib/x86_64-linux-gnu -L/usr/lib/../lib -L/usr/lib/gcc/x86_64-linux-gnu/11/../../.. CMakeFiles/cmTC_48541.dir/CMakeCCompilerABI.c.o -lgcc --push-state --as-needed -lgcc_s --pop-state -lc -lgcc --push-state --as-needed -lgcc_s --pop-state /usr/lib/gcc/x86_64-linux-gnu/11/crtendS.o /usr/lib/gcc/x86_64-linux-gnu/11/../../../x86_64-linux-gnu/crtn.o
COLLECT_GCC_OPTIONS='-v' '-rdynamic' '-o' 'cmTC_48541' '-mtune=generic' '-march=x86-64' '-dumpdir' 'cmTC_48541.'
gmake[4]: Leaving directory '/home/micsipc/github/mercure-motionCorr_dicom/build/openjpeg-build/CMakeFiles/CMakeTmp'
gmake[3]: Leaving directory '/home/micsipc/github/mercure-motionCorr_dicom/build/openjpeg-build/CMakeFiles/CMakeTmp'



Parsed C implicit include dir info from above output: rv=done
  found start of include info
  found start of implicit include info
    add: [/usr/lib/gcc/x86_64-linux-gnu/11/include]
    add: [/usr/local/include]
    add: [/usr/include/x86_64-linux-gnu]
    add: [/usr/include]
  end of search list found
  collapse include dir [/usr/lib/gcc/x86_64-linux-gnu/11/include] ==> [/usr/lib/gcc/x86_64-linux-gnu/11/include]
  collapse include dir [/usr/local/include] ==> [/usr/local/include]
  collapse include dir [/usr/include/x86_64-linux-gnu] ==> [/usr/include/x86_64-linux-gnu]
  collapse include dir [/usr/include] ==> [/usr/include]
  implicit include dirs: [/usr/lib/gcc/x86_64-linux-gnu/11/include;/usr/local/include;/usr/include/x86_64-linux-gnu;/usr/include]


Parsed C implicit link information from above output:
  link line regex: [^( *|.*[/\])(ld|CMAKE_LINK_STARTFILE-NOTFOUND|([^/\]+-)?ld|collect2)[^/\]*( |$)]
  ignore line: [Change Dir: /home/micsipc/github/mercure-motionCorr_dicom/build/openjpeg-build/CMakeFiles/CMakeTmp]
  ignore line: []
  ignore line: [Run Build Command(s):/usr/bin/gmake -f Makefile cmTC_48541/fast && gmake[3]: Entering directory '/home/micsipc/github/mercure-motionCorr_dicom/build/openjpeg-build/CMakeFiles/CMakeTmp']
  ignore line: [/usr/bin/gmake  -f CMakeFiles/cmTC_48541.dir/build.make CMakeFiles/cmTC_48541.dir/build]
  ignore line: [gmake[4]: Entering directory '/home/micsipc/github/mercure-motionCorr_dicom/build/openjpeg-build/CMakeFiles/CMakeTmp']
  ignore line: [Building C object CMakeFiles/cmTC_48541.dir/CMakeCCompilerABI.c.o]
  ignore line: [/usr/bin/cc   -v -o CMakeFiles/cmTC_48541.dir/CMakeCCompilerABI.c.o -c /usr/share/cmake-3.22/Modules/CMakeCCompilerABI.c]
  ignore line: [Using built-in specs.]
  ignore line: [COLLECT_GCC=/usr/bin/cc]
  ignore line: [OFFLOAD_TARGET_NAMES=nvptx-none:amdgcn-amdhsa]
  ignore line: [OFFLOAD_TARGET_DEFAULT=1]
  ignore line: [Target: x86_64-linux-gnu]
  ignore line: [Configured with: ../src/configure -v --with-pkgversion='Ubuntu 11.4.0-1ubuntu1~22.04' --with-bugurl=file:///usr/share/doc/gcc-11/README.Bugs --enable-languages=c ada c++ go brig d fortran objc obj-c++ m2 --prefix=/usr --with-gcc-major-version-only --program-suffix=-11 --program-prefix=x86_64-linux-gnu- --enable-shared --enable-linker-build-id --libexecdir=/usr/lib --without-included-gettext --enable-threads=posix --libdir=/usr/lib --enable-nls --enable-bootstrap --enable-clocale=gnu --enable-libstdcxx-debug --enable-libstdcxx-time=yes --with-default-libstdcxx-abi=new --enable-gnu-unique-object --disable-vtable-verify --enable-plugin --enable-default-pie --with-system-zlib --enable-libphobos-checking=release --with-target-system-zlib=auto --enable-objc-gc=auto --enable-multiarch --disable-werror --enable-cet --with-arch-32=i686 --with-abi=m64 --with-multilib-list=m32 m64 mx32 --enable-multilib --with-tune=generic --enable-offload-targets=nvptx-none=/build/gcc-11-XeT9lY/gcc-11-11.4.0/debian/tmp-nvptx/usr amdgcn-amdhsa=/build/gcc-11-XeT9lY/gcc-11-11.4.0/debian/tmp-gcn/usr --without-cuda-driver --enable-checking=release --build=x86_64-linux-gnu --host=x86_64-linux-gnu --target=x86_64-linux-gnu --with-build-config=bootstrap-lto-lean --enable-link-serialization=2]
  ignore line: [Thread model: posix]
  ignore line: [Supported LTO compression algorithms: zlib zstd]
  ignore line: [gcc version 11.4.0 (Ubuntu 11.4.0-1ubuntu1~22.04) ]
  ignore line: [COLLECT_GCC_OPTIONS='-v' '-o' 'CMakeFiles/cmTC_48541.dir/CMakeCCompilerABI.c.o' '-c' '-mtune=generic' '-march=x86-64' '-dumpdir' 'CMakeFiles/cmTC_48541.dir/']
  ignore line: [ /usr/lib/gcc/x86_64-linux-gnu/11/cc1 -quiet -v -imultiarch x86_64-linux-gnu /usr/share/cmake-3.22/Modules/CMakeCCompilerABI.c -quiet -dumpdir CMakeFiles/cmTC_48541.dir/ -dumpbase CMakeCCompilerABI.c.c -dumpbase-ext .c -mtune=generic -march=x86-64 -version -fasynchronous-unwind-tables -fstack-protector-strong -Wformat -Wformat-security -fstack-clash-protection -fcf-protection -o /tmp/ccFj8UB7.s]
  ignore line: [GNU C17 (Ubuntu 11.4.0-1ubuntu1~22.04) version 11.4.0 (x86_64-linux-gnu)]
  ignore line: [	compiled by GNU C version 11.4.0  GMP version 6.2.1  MPFR version 4.1.0  MPC version 1.2.1  isl version isl-0.24-GMP]
  ignore line: []
  ignore line: [GGC heuristics: --param ggc-min-expand=100 --param ggc-min-heapsize=131072]
  ignore line: [ignoring nonexistent directory "/usr/local/include/x86_64-linux-gnu"]
  ignore line: [ignoring nonexistent directory "/usr/lib/gcc/x86_64-linux-gnu/11/include-fixed"]
  ignore line: [ignoring nonexistent directory "/usr/lib/gcc/x86_64-linux-gnu/11/../../../../x86_64-linux-gnu/include"]
  ignore line: [#include "..." search starts here:]
  ignore line: [#include <...> search starts here:]
  ignore line: [ /usr/lib/gcc/x86_64-linux-gnu/11/include]
  ignore line: [ /usr/local/include]
  ignore line: [ /usr/include/x86_64-linux-gnu]
  ignore line: [ /usr/include]
  ignore line: [End of search list.]
  ignore line: [GNU C17 (Ubuntu 11.4.0-1ubuntu1~22.04) version 11.4.0 (x86_64-linux-gnu)]
  ignore line: [	compiled by GNU C version 11.4.0  GMP version 6.2.1  MPFR version 4.1.0  MPC version 1.2.1  isl version isl-0.24-GMP]
  ignore line: []
  ignore line: [GGC heuristics: --param ggc-min-expand=100 --param ggc-min-heapsize=131072]
  ignore line: [Compiler executable checksum: 50eaa2331df977b8016186198deb2d18]
  ignore line: [COLLECT_GCC_OPTIONS='-v' '-o' 'CMakeFiles/cmTC_48541.dir/CMakeCCompilerABI.c.o' '-c' '-mtune=generic' '-march=x86-64' '-dumpdir' 'CMakeFiles/cmTC_48541.dir/']
  ignore line: [ as -v --64 -o CMakeFiles/cmTC_48541.dir/CMakeCCompilerABI.c.o /tmp/ccFj8UB7.s]
  ignore line: [GNU assembler version 2.38 (x86_64-linux-gnu) using BFD version (GNU Binutils for Ubuntu) 2.38]
  ignore line: [COMPILER_PATH=/usr/lib/gcc/x86_64-linux-gnu/11/:/usr/lib/gcc/x86_64-linux-gnu/11/:/usr/lib/gcc/x86_64-linux-gnu/:/usr/lib/gcc/x86_64-linux-gnu/11/:/usr/lib/gcc/x86_64-linux-gnu/]
  ignore line: [LIBRARY_PATH=/usr/lib/gcc/x86_64-linux-gnu/11/:/usr/lib/gcc/x86_64-linux-gnu/11/../../../x86_64-linux-gnu/:/usr/lib/gcc/x86_64-linux-gnu/11/../../../../lib/:/lib/x86_64-linux-gnu/:/lib/../lib/:/usr/lib/x86_64-linux-gnu/:/usr/lib/../lib/:/usr/lib/gcc/x86_64-linux-gnu/11/../../../:/lib/:/usr/lib/]
  ignore line: [COLLECT_GCC_OPTIONS='-v' '-o' 'CMakeFiles/cmTC_48541.dir/CMakeCCompilerABI.c.o' '-c' '-mtune=generic' '-march=x86-64' '-dumpdir' 'CMakeFiles/cmTC_48541.dir/CMakeCCompilerABI.c.']
  ignore line: [Linking C executable cmTC_48541]
  ignore line: [/usr/bin/cmake -E cmake_link_script CMakeFiles/cmTC_48541.dir/link.txt --verbose=1]
  ignore line: [/usr/bin/cc  -v -rdynamic CMakeFiles/cmTC_48541.dir/CMakeCCompilerABI.c.o -o cmTC_48541 ]
  ignore line: [Using built-in specs.]
  ignore line: [COLLECT_GCC=/usr/bin/cc]
  ignore line: [COLLECT_LTO_WRAPPER=/usr/lib/gcc/x86_64-linux-gnu/11/lto-wrapper]
  ignore line: [OFFLOAD_TARGET_NAMES=nvptx-none:amdgcn-amdhsa]
  ignore line: [OFFLOAD_TARGET_DEFAULT=1]
  ignore line: [Target: x86_64-linux-gnu]
  ignore line: [Configured with: ../src/configure -v --with-pkgversion='Ubuntu 11.4.0-1ubuntu1~22.04' --with-bugurl=file:///usr/share/doc/gcc-11/README.Bugs --enable-languages=c ada c++ go brig d fortran objc obj-c++ m2 --prefix=/usr --with-gcc-major-version-only --program-suffix=-11 --program-prefix=x86_64-linux-gnu- --enable-shared --enable-linker-build-id --libexecdir=/usr/lib --without-included-gettext --enable-threads=posix --libdir=/usr/lib --enable-nls --enable-bootstrap --enable-clocale=gnu --enable-libstdcxx-debug --enable-libstdcxx-time=yes --with-default-libstdcxx-abi=new --enable-gnu-unique-object --disable-vtable-verify --enable-plugin --enable-default-pie --with-system-zlib --enable-libphobos-checking=release --with-target-system-zlib=auto --enable-objc-gc=auto --enable-multiarch --disable-werror --enable-cet --with-arch-32=i686 --with-abi=m64 --with-multilib-list=m32 m64 mx32 --enable-multilib --with-tune=generic --enable-offload-targets=nvptx-none=/build/gcc-11-XeT9lY/gcc-11-11.4.0/debian/tmp-nvptx/usr amdgcn-amdhsa=/build/gcc-11-XeT9lY/gcc-11-11.4.0/debian/tmp-gcn/usr --without-cuda-driver --enable-checking=release --build=x86_64-linux-gnu --host=x86_64-linux-gnu --target=x86_64-linux-gnu --with-build-config=bootstrap-lto-lean --enable-link-serialization=2]
  ignore line: [Thread model: posix]
  ignore line: [Supported LTO compression algorithms: zlib zstd]
  ignore line: [gcc version 11.4.0 (Ubuntu 11.4.0-1ubuntu1~22.04) ]
  ignore line: [COMPILER_PATH=/usr/lib/gcc/x86_64-linux-gnu/11/:/usr/lib/gcc/x86_64-linux-gnu/11/:/usr/lib/gcc/x86_64-linux-gnu/:/usr/lib/gcc/x86_64-linux-gnu/11/:/usr/lib/gcc/x86_64-linux-gnu/]
  ignore line: [LIBRARY_PATH=/usr/lib/gcc/x86_64-linux-gnu/11/:/usr/lib/gcc/x86_64-linux-gnu/11/../../../x86_64-linux-gnu/:/usr/lib/gcc/x86_64-linux-gnu/11/../../../../lib/:/lib/x86_64-linux-gnu/:/lib/../lib/:/usr/lib/x86_64-linux-gnu/:/usr/lib/../lib/:/usr/lib/gcc/x86_64-linux-gnu/11/../../../:/lib/:/usr/lib/]
  ignore line: [COLLECT_GCC_OPTIONS='-v' '-rdynamic' '-o' 'cmTC_48541' '-mtune=generic' '-march=x86-64' '-dumpdir' 'cmTC_48541.']
  link line: [ /usr/lib/gcc/x86_64-linux-gnu/11/collect2 -plugin /usr/lib/gcc/x86_64-linux-gnu/11/liblto_plugin.so -plugin-opt=/usr/lib/gcc/x86_64-linux-gnu/11/lto-wrapper -plugin-opt=-fresolution=/tmp/ccd84c8O.res -plugin-opt=-pass-through=-lgcc -plugin-opt=-pass-through=-lgcc_s -plugin-opt=-pass-through=-lc -plugin-opt=-pass-through=-lgcc -plugin-opt=-pass-through=-lgcc_s --build-id --eh-frame-hdr -m elf_x86_64 --hash-style=gnu --as-needed -export-dynamic -dynamic-linker /lib64/ld-linux-x86-64.so.2 -pie -z now -z relro -o cmTC_48541 /usr/lib/gcc/x86_64-linux-gnu/11/../../../x86_64-linux-gnu/Scrt1.o /usr/lib/gcc/x86_64-linux-gnu/11/../../../x86_64-linux-gnu/crti.o /usr/lib/gcc/x86_64-linux-gnu/11/crtbeginS.o -L/usr/lib/gcc/x86_64-linux-gnu/11 -L/usr/lib/gcc/x86_64-linux-gnu/11/../../../x86_64-linux-gnu -L/usr/lib/gcc/x86_64-linux-gnu/11/../../../../lib -L/lib/x86_64-linux-gnu -L/lib/../lib -L/usr/lib/x86_64-linux-gnu -L/usr/lib/../lib -L/usr/lib/gcc/x86_64-linux-gnu/11/../../.. CMakeFiles/cmTC_48541.dir/CMakeCCompilerABI.c.o -lgcc --push-state --as-needed -lgcc_s --pop-state -lc -lgcc --push-state --as-needed -lgcc_s --pop-state /usr/lib/gcc/x86_64-linux-gnu/11/crtendS.o /usr/lib/gcc/x86_64-linux-gnu/11/../../../x86_64-linux-gnu/crtn.o]
    arg [/usr/lib/gcc/x86_64-linux-gnu/11/collect2] ==> ignore
    arg [-plugin] ==> ignore
    arg [/usr/lib/gcc/x86_64-linux-gnu/11/liblto_plugin.so] ==> ignore
    arg [-plugin-opt=/usr/lib/gcc/x86_64-linux-gnu/11/lto-wrapper] ==> ignore
    arg [-plugin-opt=-fresolution=/tmp/ccd84c8O.res] ==> ignore
    arg [-plugin-opt=-pass-through=-lgcc] ==> ignore
    arg [-plugin-opt=-pass-through=-lgcc_s] ==> ignore
    arg [-plugin-opt=-pass-through=-lc] ==> ignore
    arg [-plugin-opt=-pass-through=-lgcc] ==> ignore
    arg [-plugin-opt=-pass-through=-lgcc_s] ==> ignore
    arg [--build-id] ==> ignore
    arg [--eh-frame-hdr] ==> ignore
    arg [-m] ==> ignore
    arg [elf_x86_64] ==> ignore
    arg [--hash-style=gnu] ==> ignore
    arg [--as-needed] ==> ignore
    arg [-export-dynamic] ==> ignore
    arg [-dynamic-linker] ==> ignore
    arg [/lib64/ld-linux-x86-64.so.2] ==> ignore
    arg [-pie] ==> ignore
    arg [-znow] ==> ignore
    arg [-zrelro] ==> ignore
    arg [-o] ==> ignore
    arg [cmTC_48541] ==> ignore
    arg [/usr/lib/gcc/x86_64-linux-gnu/11/../../../x86_64-linux-gnu/Scrt1.o] ==> obj [/usr/lib/gcc/x86_64-linux-gnu/11/../../../x86_64-linux-gnu/Scrt1.o]
    arg [/usr/lib/gcc/x86_64-linux-gnu/11/../../../x86_64-linux-gnu/crti.o] ==> obj [/usr/lib/gcc/x86_64-linux-gnu/11/../../../x86_64-linux-gnu/crti.o]
    arg [/usr/lib/gcc/x86_64-linux-gnu/11/crtbeginS.o] ==> obj [/usr/lib/gcc/x86_64-linux-gnu/11/crtbeginS.o]
    arg [-L/usr/lib/gcc/x86_64-linux-gnu/11] ==> dir [/usr/lib/gcc/x86_64-linux-gnu/11]
    arg [-L/usr/lib/gcc/x86_64-linux-gnu/11/../../../x86_64-linux-gnu] ==> dir [/usr/lib/gcc/x86_64-linux-gnu/11/../../../x86_64-linux-gnu]
    arg [-L/usr/lib/gcc/x86_64-linux-gnu/11/../../../../lib] ==> dir [/usr/lib/gcc/x86_64-linux-gnu/11/../../../../lib]
    arg [-L/lib/x86_64-linux-gnu] ==> dir [/lib/x86_64-linux-gnu]
    arg [-L/lib/../lib] ==> dir [/lib/../lib]
    arg [-L/usr/lib/x86_64-linux-gnu] ==> dir [/usr/lib/x86_64-linux-gnu]
    arg [-L/usr/lib/../lib] ==> dir [/usr/lib/../lib]
    arg [-L/usr/lib/gcc/x86_64-linux-gnu/11/../../..] ==> dir [/usr/lib/gcc/x86_64-linux-gnu/11/../../..]
    arg [CMakeFiles/cmTC_48541.dir/CMakeCCompilerABI.c.o] ==> ignore
    arg [-lgcc] ==> lib [gcc]
    arg [--push-state] ==> ignore
    arg [--as-needed] ==> ignore
    arg [-lgcc_s] ==> lib [gcc_s]
    arg [--pop-state] ==> ignore
    arg [-lc] ==> lib [c]
    arg [-lgcc] ==> lib [gcc]
    arg [--push-state] ==> ignore
    arg [--as-needed] ==> ignore
    arg [-lgcc_s] ==> lib [gcc_s]
    arg [--pop-state] ==> ignore
    arg [/usr/lib/gcc/x86_64-linux-gnu/11/crtendS.o] ==> obj [/usr/lib/gcc/x86_64-linux-gnu/11/crtendS.o]
    arg [/usr/lib/gcc/x86_64-linux-gnu/11/../../../x86_64-linux-gnu/crtn.o] ==> obj [/usr/lib/gcc/x86_64-linux-gnu/11/../../../x86_64-linux-gnu/crtn.o]
  collapse obj [/usr/lib/gcc/x86_64-linux-gnu/11/../../../x86_64-linux-gnu/Scrt1.o] ==> [/usr/lib/x86_64-linux-gnu/Scrt1.o]
  collapse obj [/usr/lib/gcc/x86_64-linux-gnu/11/../../../x86_64-linux-gnu/crti.o] ==> [/usr/lib/x86_64-linux-gnu/crti.o]
  collapse obj [/usr/lib/gcc/x86_64-linux-gnu/11/../../../x86_64-linux-gnu/crtn.o] ==> [/usr/lib/x86_64-linux-gnu/crtn.o]
  collapse library dir [/usr/lib/gcc/x86_64-linux-gnu/11] ==> [/usr/lib/gcc/x86_64-linux-gnu/11]
  collapse library dir [/usr/lib/gcc/x86_64-linux-gnu/11/../../../x86_64-linux-gnu] ==> [/usr/lib/x86_64-linux-gnu]
  collapse library dir [/usr/lib/gcc/x86_64-linux-gnu/11/../../../../lib] ==> [/usr/lib]
  collapse library dir [/lib/x86_64-linux-gnu] ==> [/lib/x86_64-linux-gnu]
  collapse library dir [/lib/../lib] ==> [/lib]
  collapse library dir [/usr/lib/x86_64-linux-gnu] ==> [/usr/lib/x86_64-linux-gnu]
  collapse library dir [/usr/lib/../lib] ==> [/usr/lib]
  collapse library dir [/usr/lib/gcc/x86_64-linux-gnu/11/../../..] ==> [/usr/lib]
  implicit libs: [gcc;gcc_s;c;gcc;gcc_s]
  implicit objs: [/usr/lib/x86_64-linux-gnu/Scrt1.o;/usr/lib/x86_64-linux-gnu/crti.o;/usr/lib/gcc/x86_64-linux-gnu/11/crtbeginS.o;/usr/lib/gcc/x86_64-linux-gnu/11/crtendS.o;/usr/lib/x86_64-linux-gnu/crtn.o]
  implicit dirs: [/usr/lib/gcc/x86_64-linux-gnu/11;/usr/lib/x86_64-linux-gnu;/usr/lib;/lib/x86_64-linux-gnu;/lib]
  implicit fwks: []


Determining if the include file string.h exists passed with the following output:
Change Dir: /home/micsipc/github/mercure-motionCorr_dicom/build/openjpeg-build/CMakeFiles/CMakeTmp

Run Build Command(s):/usr/bin/gmake -f Makefile cmTC_75f39/fast && gmake[3]: Entering directory '/home/micsipc/github/mercure-motionCorr_dicom/build/openjpeg-build/CMakeFiles/CMakeTmp'
/usr/bin/gmake  -f CMakeFiles/cmTC_75f39.dir/build.make CMakeFiles/cmTC_75f39.dir/build
gmake[4]: Entering directory '/home/micsipc/github/mercure-motionCorr_dicom/build/openjpeg-build/CMakeFiles/CMakeTmp'
Building C object CMakeFiles/cmTC_75f39.dir/CheckIncludeFile.c.o
/usr/bin/cc    -o CMakeFiles/cmTC_75f39.dir/CheckIncludeFile.c.o -c /home/micsipc/github/mercure-motionCorr_dicom/build/openjpeg-build/CMakeFiles/CMakeTmp/CheckIncludeFile.c
Linking C executable cmTC_75f39
/usr/bin/cmake -E cmake_link_script CMakeFiles/cmTC_75f39.dir/link.txt --verbose=1
/usr/bin/cc -rdynamic CMakeFiles/cmTC_75f39.dir/CheckIncludeFile.c.o -o cmTC_75f39 
gmake[4]: Leaving directory '/home/micsipc/github/mercure-motionCorr_dicom/build/openjpeg-build/CMakeFiles/CMakeTmp'
gmake[3]: Leaving directory '/home/micsipc/github/mercure-motionCorr_dicom/build/openjpeg-build/CMakeFiles/CMakeTmp'



Determining if the include file memory.h exists passed with the following output:
Change Dir: /home/micsipc/github/mercure-motionCorr_dicom/build/openjpeg-build/CMakeFiles/CMakeTmp

Run Build Command(s):/usr/bin/gmake -f Makefile cmTC_dbc13/fast && gmake[3]: Entering directory '/home/micsipc/github/mercure-motionCorr_dicom/build/openjpeg-build/CMakeFiles/CMakeTmp'
/usr/bin/gmake  -f CMakeFiles/cmTC_dbc13.dir/build.make CMakeFiles/cmTC_dbc13.dir/build
gmake[4]: Entering directory '/home/micsipc/github/mercure-motionCorr_dicom/build/openjpeg-build/CMakeFiles/CMakeTmp'
Building C object CMakeFiles/cmTC_dbc13.dir/CheckIncludeFile.c.o
/usr/bin/cc    -o CMakeFiles/cmTC_dbc13.dir/CheckIncludeFile.c.o -c /home/micsipc/github/mercure-motionCorr_dicom/build/openjpeg-build/CMakeFiles/CMakeTmp/CheckIncludeFile.c
Linking C executable cmTC_dbc13
/usr/bin/cmake -E cmake_link_script CMakeFiles/cmTC_dbc13.dir/link.txt --verbose=1
/usr/bin/cc -rdynamic CMakeFiles/cmTC_dbc13.dir/CheckIncludeFile.c.o -o cmTC_dbc13 
gmake[4]: Leaving directory '/home/micsipc/github/mercure-motionCorr_dicom/build/openjpeg-build/CMakeFiles/CMakeTmp'
gmake[3]: Leaving directory '/home/micsipc/github/mercure-motionCorr_dicom/build/openjpeg-build/CMakeFiles/CMakeTmp'



Determining if the include file stdlib.h exists passed with the following output:
Change Dir: /home/micsipc/github/mercure-motionCorr_dicom/build/openjpeg-build/CMakeFiles/CMakeTmp

Run Build Command(s):/usr/bin/gmake -f Makefile cmTC_975ae/fast && gmake[3]: Entering directory '/home/micsipc/github/mercure-motionCorr_dicom/build/openjpeg-build/CMakeFiles/CMakeTmp'
/usr/bin/gmake  -f CMakeFiles/cmTC_975ae.dir/build.make CMakeFiles/cmTC_975ae.dir/build
gmake[4]: Entering directory '/home/micsipc/github/mercure-motionCorr_dicom/build/openjpeg-build/CMakeFiles/CMakeTmp'
Building C object CMakeFiles/cmTC_975ae.dir/CheckIncludeFile.c.o
/usr/bin/cc    -o CMakeFiles/cmTC_975ae.dir/CheckIncludeFile.c.o -c /home/micsipc/github/mercure-motionCorr_dicom/build/openjpeg-build/CMakeFiles/CMakeTmp/CheckIncludeFile.c
Linking C executable cmTC_975ae
/usr/bin/cmake -E cmake_link_script CMakeFiles/cmTC_975ae.dir/link.txt --verbose=1
/usr/bin/cc -rdynamic CMakeFiles/cmTC_975ae.dir/CheckIncludeFile.c.o -o cmTC_975ae 
gmake[4]: Leaving directory '/home/micsipc/github/mercure-motionCorr_dicom/build/openjpeg-build/CMakeFiles/CMakeTmp'
gmake[3]: Leaving directory '/home/micsipc/github/mercure-motionCorr_dicom/build/openjpeg-build/CMakeFiles/CMakeTmp'



Determining if the include file stdio.h exists passed with the following output:
Change Dir: /home/micsipc/github/mercure-motionCorr_dicom/build/openjpeg-build/CMakeFiles/CMakeTmp

Run Build Command(s):/usr/bin/gmake -f Makefile cmTC_c8c7b/fast && gmake[3]: Entering directory '/home/micsipc/github/mercure-motionCorr_dicom/build/openjpeg-build/CMakeFiles/CMakeTmp'
/usr/bin/gmake  -f CMakeFiles/cmTC_c8c7b.dir/build.make CMakeFiles/cmTC_c8c7b.dir/build
gmake[4]: Entering directory '/home/micsipc/github/mercure-motionCorr_dicom/build/openjpeg-build/CMakeFiles/CMakeTmp'
Building C object CMakeFiles/cmTC_c8c7b.dir/CheckIncludeFile.c.o
/usr/bin/cc    -o CMakeFiles/cmTC_c8c7b.dir/CheckIncludeFile.c.o -c /home/micsipc/github/mercure-motionCorr_dicom/build/openjpeg-build/CMakeFiles/CMakeTmp/CheckIncludeFile.c
Linking C executable cmTC_c8c7b
/usr/bin/cmake -E cmake_link_script CMakeFiles/cmTC_c8c7b.dir/link.txt --verbose=1
/usr/bin/cc -rdynamic CMakeFiles/cmTC_c8c7b.dir/CheckIncludeFile.c.o -o cmTC_c8c7b 
gmake[4]: Leaving directory '/home/micsipc/github/mercure-motionCorr_dicom/build/openjpeg-build/CMakeFiles/CMakeTmp'
gmake[3]: Leaving directory '/home/micsipc/github/mercure-motionCorr_dicom/build/openjpeg-build/CMakeFiles/CMakeTmp'



Determining if the include file math.h exists passed with the following output:
Change Dir: /home/micsipc/github/mercure-motionCorr_dicom/build/openjpeg-build/CMakeFiles/CMakeTmp

Run Build Command(s):/usr/bin/gmake -f Makefile cmTC_7c076/fast && gmake[3]: Entering directory '/home/micsipc/github/mercure-motionCorr_dicom/build/openjpeg-build/CMakeFiles/CMakeTmp'
/usr/bin/gmake  -f CMakeFiles/cmTC_7c076.dir/build.make CMakeFiles/cmTC_7c076.dir/build
gmake[4]: Entering directory '/home/micsipc/github/mercure-motionCorr_dicom/build/openjpeg-build/CMakeFiles/CMakeTmp'
Building C object CMakeFiles/cmTC_7c076.dir/CheckIncludeFile.c.o
/usr/bin/cc    -o CMakeFiles/cmTC_7c076.dir/CheckIncludeFile.c.o -c /home/micsipc/github/mercure-motionCorr_dicom/build/openjpeg-build/CMakeFiles/CMakeTmp/CheckIncludeFile.c
Linking C executable cmTC_7c076
/usr/bin/cmake -E cmake_link_script CMakeFiles/cmTC_7c076.dir/link.txt --verbose=1
/usr/bin/cc -rdynamic CMakeFiles/cmTC_7c076.dir/CheckIncludeFile.c.o -o cmTC_7c076 
gmake[4]: Leaving directory '/home/micsipc/github/mercure-motionCorr_dicom/build/openjpeg-build/CMakeFiles/CMakeTmp'
gmake[3]: Leaving directory '/home/micsipc/github/mercure-motionCorr_dicom/build/openjpeg-build/CMakeFiles/CMakeTmp'



Determining if the include file float.h exists passed with the following output:
Change Dir: /home/micsipc/github/mercure-motionCorr_dicom/build/openjpeg-build/CMakeFiles/CMakeTmp

Run Build Command(s):/usr/bin/gmake -f Makefile cmTC_c5bb6/fast && gmake[3]: Entering directory '/home/micsipc/github/mercure-motionCorr_dicom/build/openjpeg-build/CMakeFiles/CMakeTmp'
/usr/bin/gmake  -f CMakeFiles/cmTC_c5bb6.dir/build.make CMakeFiles/cmTC_c5bb6.dir/build
gmake[4]: Entering directory '/home/micsipc/github/mercure-motionCorr_dicom/build/openjpeg-build/CMakeFiles/CMakeTmp'
Building C object CMakeFiles/cmTC_c5bb6.dir/CheckIncludeFile.c.o
/usr/bin/cc    -o CMakeFiles/cmTC_c5bb6.dir/CheckIncludeFile.c.o -c /home/micsipc/github/mercure-motionCorr_dicom/build/openjpeg-build/CMakeFiles/CMakeTmp/CheckIncludeFile.c
Linking C executable cmTC_c5bb6
/usr/bin/cmake -E cmake_link_script CMakeFiles/cmTC_c5bb6.dir/link.txt --verbose=1
/usr/bin/cc -rdynamic CMakeFiles/cmTC_c5bb6.dir/CheckIncludeFile.c.o -o cmTC_c5bb6 
gmake[4]: Leaving directory '/home/micsipc/github/mercure-motionCorr_dicom/build/openjpeg-build/CMakeFiles/CMakeTmp'
gmake[3]: Leaving directory '/home/micsipc/github/mercure-motionCorr_dicom/build/openjpeg-build/CMakeFiles/CMakeTmp'



Determining if the include file time.h exists passed with the following output:
Change Dir: /home/micsipc/github/mercure-motionCorr_dicom/build/openjpeg-build/CMakeFiles/CMakeTmp

Run Build Command(s):/usr/bin/gmake -f Makefile cmTC_4dbdb/fast && gmake[3]: Entering directory '/home/micsipc/github/mercure-motionCorr_dicom/build/openjpeg-build/CMakeFiles/CMakeTmp'
/usr/bin/gmake  -f CMakeFiles/cmTC_4dbdb.dir/build.make CMakeFiles/cmTC_4dbdb.dir/build
gmake[4]: Entering directory '/home/micsipc/github/mercure-motionCorr_dicom/build/openjpeg-build/CMakeFiles/CMakeTmp'
Building C object CMakeFiles/cmTC_4dbdb.dir/CheckIncludeFile.c.o
/usr/bin/cc    -o CMakeFiles/cmTC_4dbdb.dir/CheckIncludeFile.c.o -c /home/micsipc/github/mercure-motionCorr_dicom/build/openjpeg-build/CMakeFiles/CMakeTmp/CheckIncludeFile.c
Linking C executable cmTC_4dbdb
/usr/bin/cmake -E cmake_link_script CMakeFiles/cmTC_4dbdb.dir/link.txt --verbose=1
/usr/bin/cc -rdynamic CMakeFiles/cmTC_4dbdb.dir/CheckIncludeFile.c.o -o cmTC_4dbdb 
gmake[4]: Leaving directory '/home/micsipc/github/mercure-motionCorr_dicom/build/openjpeg-build/CMakeFiles/CMakeTmp'
gmake[3]: Leaving directory '/home/micsipc/github/mercure-motionCorr_dicom/build/openjpeg-build/CMakeFiles/CMakeTmp'



Determining if the include file stdarg.h exists passed with the following output:
Change Dir: /home/micsipc/github/mercure-motionCorr_dicom/build/openjpeg-build/CMakeFiles/CMakeTmp

Run Build Command(s):/usr/bin/gmake -f Makefile cmTC_ecdce/fast && gmake[3]: Entering directory '/home/micsipc/github/mercure-motionCorr_dicom/build/openjpeg-build/CMakeFiles/CMakeTmp'
/usr/bin/gmake  -f CMakeFiles/cmTC_ecdce.dir/build.make CMakeFiles/cmTC_ecdce.dir/build
gmake[4]: Entering directory '/home/micsipc/github/mercure-motionCorr_dicom/build/openjpeg-build/CMakeFiles/CMakeTmp'
Building C object CMakeFiles/cmTC_ecdce.dir/CheckIncludeFile.c.o
/usr/bin/cc    -o CMakeFiles/cmTC_ecdce.dir/CheckIncludeFile.c.o -c /home/micsipc/github/mercure-motionCorr_dicom/build/openjpeg-build/CMakeFiles/CMakeTmp/CheckIncludeFile.c
Linking C executable cmTC_ecdce
/usr/bin/cmake -E cmake_link_script CMakeFiles/cmTC_ecdce.dir/link.txt --verbose=1
/usr/bin/cc -rdynamic CMakeFiles/cmTC_ecdce.dir/CheckIncludeFile.c.o -o cmTC_ecdce 
gmake[4]: Leaving directory '/home/micsipc/github/mercure-motionCorr_dicom/build/openjpeg-build/CMakeFiles/CMakeTmp'
gmake[3]: Leaving directory '/home/micsipc/github/mercure-motionCorr_dicom/build/openjpeg-build/CMakeFiles/CMakeTmp'



Determining if the include file ctype.h exists passed with the following output:
Change Dir: /home/micsipc/github/mercure-motionCorr_dicom/build/openjpeg-build/CMakeFiles/CMakeTmp

Run Build Command(s):/usr/bin/gmake -f Makefile cmTC_a8551/fast && gmake[3]: Entering directory '/home/micsipc/github/mercure-motionCorr_dicom/build/openjpeg-build/CMakeFiles/CMakeTmp'
/usr/bin/gmake  -f CMakeFiles/cmTC_a8551.dir/build.make CMakeFiles/cmTC_a8551.dir/build
gmake[4]: Entering directory '/home/micsipc/github/mercure-motionCorr_dicom/build/openjpeg-build/CMakeFiles/CMakeTmp'
Building C object CMakeFiles/cmTC_a8551.dir/CheckIncludeFile.c.o
/usr/bin/cc    -o CMakeFiles/cmTC_a8551.dir/CheckIncludeFile.c.o -c /home/micsipc/github/mercure-motionCorr_dicom/build/openjpeg-build/CMakeFiles/CMakeTmp/CheckIncludeFile.c
Linking C executable cmTC_a8551
/usr/bin/cmake -E cmake_link_script CMakeFiles/cmTC_a8551.dir/link.txt --verbose=1
/usr/bin/cc -rdynamic CMakeFiles/cmTC_a8551.dir/CheckIncludeFile.c.o -o cmTC_a8551 
gmake[4]: Leaving directory '/home/micsipc/github/mercure-motionCorr_dicom/build/openjpeg-build/CMakeFiles/CMakeTmp'
gmake[3]: Leaving directory '/home/micsipc/github/mercure-motionCorr_dicom/build/openjpeg-build/CMakeFiles/CMakeTmp'



Determining if the include file assert.h exists passed with the following output:
Change Dir: /home/micsipc/github/mercure-motionCorr_dicom/build/openjpeg-build/CMakeFiles/CMakeTmp

Run Build Command(s):/usr/bin/gmake -f Makefile cmTC_34f26/fast && gmake[3]: Entering directory '/home/micsipc/github/mercure-motionCorr_dicom/build/openjpeg-build/CMakeFiles/CMakeTmp'
/usr/bin/gmake  -f CMakeFiles/cmTC_34f26.dir/build.make CMakeFiles/cmTC_34f26.dir/build
gmake[4]: Entering directory '/home/micsipc/github/mercure-motionCorr_dicom/build/openjpeg-build/CMakeFiles/CMakeTmp'
Building C object CMakeFiles/cmTC_34f26.dir/CheckIncludeFile.c.o
/usr/bin/cc    -o CMakeFiles/cmTC_34f26.dir/CheckIncludeFile.c.o -c /home/micsipc/github/mercure-motionCorr_dicom/build/openjpeg-build/CMakeFiles/CMakeTmp/CheckIncludeFile.c
Linking C executable cmTC_34f26
/usr/bin/cmake -E cmake_link_script CMakeFiles/cmTC_34f26.dir/link.txt --verbose=1
/usr/bin/cc -rdynamic CMakeFiles/cmTC_34f26.dir/CheckIncludeFile.c.o -o cmTC_34f26 
gmake[4]: Leaving directory '/home/micsipc/github/mercure-motionCorr_dicom/build/openjpeg-build/CMakeFiles/CMakeTmp'
gmake[3]: Leaving directory '/home/micsipc/github/mercure-motionCorr_dicom/build/openjpeg-build/CMakeFiles/CMakeTmp'



Determining if the include file stdint.h exists passed with the following output:
Change Dir: /home/micsipc/github/mercure-motionCorr_dicom/build/openjpeg-build/CMakeFiles/CMakeTmp

Run Build Command(s):/usr/bin/gmake -f Makefile cmTC_d8a55/fast && gmake[3]: Entering directory '/home/micsipc/github/mercure-motionCorr_dicom/build/openjpeg-build/CMakeFiles/CMakeTmp'
/usr/bin/gmake  -f CMakeFiles/cmTC_d8a55.dir/build.make CMakeFiles/cmTC_d8a55.dir/build
gmake[4]: Entering directory '/home/micsipc/github/mercure-motionCorr_dicom/build/openjpeg-build/CMakeFiles/CMakeTmp'
Building C object CMakeFiles/cmTC_d8a55.dir/CheckIncludeFile.c.o
/usr/bin/cc    -o CMakeFiles/cmTC_d8a55.dir/CheckIncludeFile.c.o -c /home/micsipc/github/mercure-motionCorr_dicom/build/openjpeg-build/CMakeFiles/CMakeTmp/CheckIncludeFile.c
Linking C executable cmTC_d8a55
/usr/bin/cmake -E cmake_link_script CMakeFiles/cmTC_d8a55.dir/link.txt --verbose=1
/usr/bin/cc -rdynamic CMakeFiles/cmTC_d8a55.dir/CheckIncludeFile.c.o -o cmTC_d8a55 
gmake[4]: Leaving directory '/home/micsipc/github/mercure-motionCorr_dicom/build/openjpeg-build/CMakeFiles/CMakeTmp'
gmake[3]: Leaving directory '/home/micsipc/github/mercure-motionCorr_dicom/build/openjpeg-build/CMakeFiles/CMakeTmp'



Determining if the include file inttypes.h exists passed with the following output:
Change Dir: /home/micsipc/github/mercure-motionCorr_dicom/build/openjpeg-build/CMakeFiles/CMakeTmp

Run Build Command(s):/usr/bin/gmake -f Makefile cmTC_085f3/fast && gmake[3]: Entering directory '/home/micsipc/github/mercure-motionCorr_dicom/build/openjpeg-build/CMakeFiles/CMakeTmp'
/usr/bin/gmake  -f CMakeFiles/cmTC_085f3.dir/build.make CMakeFiles/cmTC_085f3.dir/build
gmake[4]: Entering directory '/home/micsipc/github/mercure-motionCorr_dicom/build/openjpeg-build/CMakeFiles/CMakeTmp'
Building C object CMakeFiles/cmTC_085f3.dir/CheckIncludeFile.c.o
/usr/bin/cc    -o CMakeFiles/cmTC_085f3.dir/CheckIncludeFile.c.o -c /home/micsipc/github/mercure-motionCorr_dicom/build/openjpeg-build/CMakeFiles/CMakeTmp/CheckIncludeFile.c
Linking C executable cmTC_085f3
/usr/bin/cmake -E cmake_link_script CMakeFiles/cmTC_085f3.dir/link.txt --verbose=1
/usr/bin/cc -rdynamic CMakeFiles/cmTC_085f3.dir/CheckIncludeFile.c.o -o cmTC_085f3 
gmake[4]: Leaving directory '/home/micsipc/github/mercure-motionCorr_dicom/build/openjpeg-build/CMakeFiles/CMakeTmp'
gmake[3]: Leaving directory '/home/micsipc/github/mercure-motionCorr_dicom/build/openjpeg-build/CMakeFiles/CMakeTmp'



Determining if the include file strings.h exists passed with the following output:
Change Dir: /home/micsipc/github/mercure-motionCorr_dicom/build/openjpeg-build/CMakeFiles/CMakeTmp

Run Build Command(s):/usr/bin/gmake -f Makefile cmTC_96dec/fast && gmake[3]: Entering directory '/home/micsipc/github/mercure-motionCorr_dicom/build/openjpeg-build/CMakeFiles/CMakeTmp'
/usr/bin/gmake  -f CMakeFiles/cmTC_96dec.dir/build.make CMakeFiles/cmTC_96dec.dir/build
gmake[4]: Entering directory '/home/micsipc/github/mercure-motionCorr_dicom/build/openjpeg-build/CMakeFiles/CMakeTmp'
Building C object CMakeFiles/cmTC_96dec.dir/CheckIncludeFile.c.o
/usr/bin/cc    -o CMakeFiles/cmTC_96dec.dir/CheckIncludeFile.c.o -c /home/micsipc/github/mercure-motionCorr_dicom/build/openjpeg-build/CMakeFiles/CMakeTmp/CheckIncludeFile.c
Linking C executable cmTC_96dec
/usr/bin/cmake -E cmake_link_script CMakeFiles/cmTC_96dec.dir/link.txt --verbose=1
/usr/bin/cc -rdynamic CMakeFiles/cmTC_96dec.dir/CheckIncludeFile.c.o -o cmTC_96dec 
gmake[4]: Leaving directory '/home/micsipc/github/mercure-motionCorr_dicom/build/openjpeg-build/CMakeFiles/CMakeTmp'
gmake[3]: Leaving directory '/home/micsipc/github/mercure-motionCorr_dicom/build/openjpeg-build/CMakeFiles/CMakeTmp'



Determining if the include file sys/stat.h exists passed with the following output:
Change Dir: /home/micsipc/github/mercure-motionCorr_dicom/build/openjpeg-build/CMakeFiles/CMakeTmp

Run Build Command(s):/usr/bin/gmake -f Makefile cmTC_cfe6e/fast && gmake[3]: Entering directory '/home/micsipc/github/mercure-motionCorr_dicom/build/openjpeg-build/CMakeFiles/CMakeTmp'
/usr/bin/gmake  -f CMakeFiles/cmTC_cfe6e.dir/build.make CMakeFiles/cmTC_cfe6e.dir/build
gmake[4]: Entering directory '/home/micsipc/github/mercure-motionCorr_dicom/build/openjpeg-build/CMakeFiles/CMakeTmp'
Building C object CMakeFiles/cmTC_cfe6e.dir/CheckIncludeFile.c.o
/usr/bin/cc    -o CMakeFiles/cmTC_cfe6e.dir/CheckIncludeFile.c.o -c /home/micsipc/github/mercure-motionCorr_dicom/build/openjpeg-build/CMakeFiles/CMakeTmp/CheckIncludeFile.c
Linking C executable cmTC_cfe6e
/usr/bin/cmake -E cmake_link_script CMakeFiles/cmTC_cfe6e.dir/link.txt --verbose=1
/usr/bin/cc -rdynamic CMakeFiles/cmTC_cfe6e.dir/CheckIncludeFile.c.o -o cmTC_cfe6e 
gmake[4]: Leaving directory '/home/micsipc/github/mercure-motionCorr_dicom/build/openjpeg-build/CMakeFiles/CMakeTmp'
gmake[3]: Leaving directory '/home/micsipc/github/mercure-motionCorr_dicom/build/openjpeg-build/CMakeFiles/CMakeTmp'



Determining if the include file sys/types.h exists passed with the following output:
Change Dir: /home/micsipc/github/mercure-motionCorr_dicom/build/openjpeg-build/CMakeFiles/CMakeTmp

Run Build Command(s):/usr/bin/gmake -f Makefile cmTC_cf05b/fast && gmake[3]: Entering directory '/home/micsipc/github/mercure-motionCorr_dicom/build/openjpeg-build/CMakeFiles/CMakeTmp'
/usr/bin/gmake  -f CMakeFiles/cmTC_cf05b.dir/build.make CMakeFiles/cmTC_cf05b.dir/build
gmake[4]: Entering directory '/home/micsipc/github/mercure-motionCorr_dicom/build/openjpeg-build/CMakeFiles/CMakeTmp'
Building C object CMakeFiles/cmTC_cf05b.dir/CheckIncludeFile.c.o
/usr/bin/cc    -o CMakeFiles/cmTC_cf05b.dir/CheckIncludeFile.c.o -c /home/micsipc/github/mercure-motionCorr_dicom/build/openjpeg-build/CMakeFiles/CMakeTmp/CheckIncludeFile.c
Linking C executable cmTC_cf05b
/usr/bin/cmake -E cmake_link_script CMakeFiles/cmTC_cf05b.dir/link.txt --verbose=1
/usr/bin/cc -rdynamic CMakeFiles/cmTC_cf05b.dir/CheckIncludeFile.c.o -o cmTC_cf05b 
gmake[4]: Leaving directory '/home/micsipc/github/mercure-motionCorr_dicom/build/openjpeg-build/CMakeFiles/CMakeTmp'
gmake[3]: Leaving directory '/home/micsipc/github/mercure-motionCorr_dicom/build/openjpeg-build/CMakeFiles/CMakeTmp'



Determining if the include file unistd.h exists passed with the following output:
Change Dir: /home/micsipc/github/mercure-motionCorr_dicom/build/openjpeg-build/CMakeFiles/CMakeTmp

Run Build Command(s):/usr/bin/gmake -f Makefile cmTC_90c38/fast && gmake[3]: Entering directory '/home/micsipc/github/mercure-motionCorr_dicom/build/openjpeg-build/CMakeFiles/CMakeTmp'
/usr/bin/gmake  -f CMakeFiles/cmTC_90c38.dir/build.make CMakeFiles/cmTC_90c38.dir/build
gmake[4]: Entering directory '/home/micsipc/github/mercure-motionCorr_dicom/build/openjpeg-build/CMakeFiles/CMakeTmp'
Building C object CMakeFiles/cmTC_90c38.dir/CheckIncludeFile.c.o
/usr/bin/cc    -o CMakeFiles/cmTC_90c38.dir/CheckIncludeFile.c.o -c /home/micsipc/github/mercure-motionCorr_dicom/build/openjpeg-build/CMakeFiles/CMakeTmp/CheckIncludeFile.c
Linking C executable cmTC_90c38
/usr/bin/cmake -E cmake_link_script CMakeFiles/cmTC_90c38.dir/link.txt --verbose=1
/usr/bin/cc -rdynamic CMakeFiles/cmTC_90c38.dir/CheckIncludeFile.c.o -o cmTC_90c38 
gmake[4]: Leaving directory '/home/micsipc/github/mercure-motionCorr_dicom/build/openjpeg-build/CMakeFiles/CMakeTmp'
gmake[3]: Leaving directory '/home/micsipc/github/mercure-motionCorr_dicom/build/openjpeg-build/CMakeFiles/CMakeTmp'



